<?xml version="1.0" encoding="UTF-8"?>
<testsuite name="com.example.servicea.controller.HealthControllerTest" tests="1" skipped="0" failures="0" errors="0" timestamp="2026-08-25T12:26:00" hostname="MacBook-Pro-MIEJSKISURFER.local" time="0.315">
  <properties/>
  <testcase name="healthEndpointReturnsUp()" classname="com.example.servicea.controller.HealthControllerTest" time="0.315"/>
  <system-out><![CDATA[14:25:59.650 [Test worker] INFO org.springframework.test.context.support.AnnotationConfigContextLoaderUtils -- Could not detect default configuration classes for test class [com.example.servicea.controller.HealthControllerTest]: HealthControllerTest does not declare any static, non-private, non-final, nested classes annotated with @Configuration.
14:25:59.683 [Test worker] INFO org.springframework.boot.test.context.SpringBootTestContextBootstrapper -- Found @SpringBootConfiguration com.example.servicea.ServiceAApplication for test class com.example.servicea.controller.HealthControllerTest

  .   ____          _            __ _ _
 /\\ / ___'_ __ _ _(_)_ __  __ _ \ \ \ \
( ( )\___ | '_ | '_| | '_ \/ _` | \ \ \ \
 \\/  ___)| |_)| | | | | || (_| |  ) ) ) )
  '  |____| .__|_| |_|_| |_\__, | / / / /
 =========|_|==============|___/=/_/_/_/
 :: Spring Boot ::                (v3.1.3)

2026-08-25T14:25:59.786+02:00  INFO 67102 --- [    Test worker] c.e.s.controller.HealthControllerTest    : Starting HealthControllerTest using Java 17.0.20.1 with PID 67102 (started by miejskisurfer in /Users/miejskisurfer/Desktop/IT/Projekty 2026/Health-Support-App/services/service-a)
2026-08-25T14:25:59.786+02:00  INFO 67102 --- [    Test worker] c.e.s.controller.HealthControllerTest    : No active profile set, falling back to 1 default profile: "default"
2026-08-25T14:25:59.996+02:00  INFO 67102 --- [    Test worker] o.s.b.t.m.w.SpringBootMockServletContext : Initializing Spring TestDispatcherServlet ''
2026-08-25T14:25:59.996+02:00  INFO 67102 --- [    Test worker] o.s.t.web.servlet.TestDispatcherServlet  : Initializing Servlet ''
2026-08-25T14:25:59.997+02:00  INFO 67102 --- [    Test worker] o.s.t.web.servlet.TestDispatcherServlet  : Completed initialization in 0 ms
2026-08-25T14:26:00.011+02:00  INFO 67102 --- [    Test worker] c.e.s.controller.HealthControllerTest    : Started HealthControllerTest in 0.303 seconds (process running for 0.584)
]]></system-out>
  <system-err><![CDATA[]]></system-err>
</testsuite>
