<?xml version="1.0" encoding="UTF-8"?>
<testsuite name="com.example.servicea.controller.HealthControllerTest" tests="1" skipped="0" failures="0" errors="0" timestamp="2026-08-24T19:45:13.904Z" hostname="97c2a2cf80d1" time="0.386">
  <properties/>
  <testcase name="healthEndpointReturnsUp()" classname="com.example.servicea.controller.HealthControllerTest" time="0.386"/>
  <system-out><![CDATA[19:45:13.299 [Test worker] INFO org.springframework.test.context.support.AnnotationConfigContextLoaderUtils -- Could not detect default configuration classes for test class [com.example.servicea.controller.HealthControllerTest]: HealthControllerTest does not declare any static, non-private, non-final, nested classes annotated with @Configuration.
19:45:13.351 [Test worker] INFO org.springframework.boot.test.context.SpringBootTestContextBootstrapper -- Found @SpringBootConfiguration com.example.servicea.ServiceAApplication for test class com.example.servicea.controller.HealthControllerTest

  .   ____          _            __ _ _
 /\\ / ___'_ __ _ _(_)_ __  __ _ \ \ \ \
( ( )\___ | '_ | '_| | '_ \/ _` | \ \ \ \
 \\/  ___)| |_)| | | | | || (_| |  ) ) ) )
  '  |____| .__|_| |_|_| |_\__, | / / / /
 =========|_|==============|___/=/_/_/_/
 :: Spring Boot ::                (v3.1.3)

2026-08-24T19:45:13.530Z  INFO 260 --- [    Test worker] c.e.s.controller.HealthControllerTest    : Starting HealthControllerTest using Java 17.0.20 with PID 260 (started by root in /home/gradle/project)
2026-08-24T19:45:13.531Z  INFO 260 --- [    Test worker] c.e.s.controller.HealthControllerTest    : No active profile set, falling back to 1 default profile: "default"
2026-08-24T19:45:13.891Z  INFO 260 --- [    Test worker] o.s.b.t.m.w.SpringBootMockServletContext : Initializing Spring TestDispatcherServlet ''
2026-08-24T19:45:13.891Z  INFO 260 --- [    Test worker] o.s.t.web.servlet.TestDispatcherServlet  : Initializing Servlet ''
2026-08-24T19:45:13.892Z  INFO 260 --- [    Test worker] o.s.t.web.servlet.TestDispatcherServlet  : Completed initialization in 1 ms
2026-08-24T19:45:13.901Z  INFO 260 --- [    Test worker] c.e.s.controller.HealthControllerTest    : Started HealthControllerTest in 0.517 seconds (process running for 0.906)
]]></system-out>
  <system-err><![CDATA[]]></system-err>
</testsuite>
